<?xml version="1.0" encoding="UTF-8"?>
<testsuite xmlns:xsi="http://www.w3.org/2001/XMLSchema-instance" xsi:noNamespaceSchemaLocation="https://maven.apache.org/surefire/maven-surefire-plugin/xsd/surefire-test-report-3.0.xsd" version="3.0" name="com.cs673olsum24.promanager.controller.TaskControllerTests" time="11.254" tests="5" errors="0" skipped="0" failures="0">
  <properties>
    <property name="java.specification.version" value="22"/>
    <property name="sun.jnu.encoding" value="UTF-8"/>
    <property name="java.class.path" value="/Users/pranjal/Documents/Summer 2024/project-microserviceteamtwo/code/pro-manager/target/test-classes:/Users/pranjal/Documents/Summer 2024/project-microserviceteamtwo/code/pro-manager/target/classes:/Users/pranjal/.m2/repository/org/springframework/boot/spring-boot-starter-web/3.2.5/spring-boot-starter-web-3.2.5.jar:/Users/pranjal/.m2/repository/org/springframework/boot/spring-boot-starter/3.2.5/spring-boot-starter-3.2.5.jar:/Users/pranjal/.m2/repository/org/springframework/boot/spring-boot/3.2.5/spring-boot-3.2.5.jar:/Users/pranjal/.m2/repository/org/springframework/boot/spring-boot-autoconfigure/3.2.5/spring-boot-autoconfigure-3.2.5.jar:/Users/pranjal/.m2/repository/org/springframework/boot/spring-boot-starter-logging/3.2.5/spring-boot-starter-logging-3.2.5.jar:/Users/pranjal/.m2/repository/ch/qos/logback/logback-classic/1.4.14/logback-classic-1.4.14.jar:/Users/pranjal/.m2/repository/ch/qos/logback/logback-core/1.4.14/logback-core-1.4.14.jar:/Users/pranjal/.m2/repository/org/apache/logging/log4j/log4j-to-slf4j/2.21.1/log4j-to-slf4j-2.21.1.jar:/Users/pranjal/.m2/repository/org/apache/logging/log4j/log4j-api/2.21.1/log4j-api-2.21.1.jar:/Users/pranjal/.m2/repository/org/slf4j/jul-to-slf4j/2.0.13/jul-to-slf4j-2.0.13.jar:/Users/pranjal/.m2/repository/jakarta/annotation/jakarta.annotation-api/2.1.1/jakarta.annotation-api-2.1.1.jar:/Users/pranjal/.m2/repository/org/yaml/snakeyaml/2.2/snakeyaml-2.2.jar:/Users/pranjal/.m2/repository/org/springframework/boot/spring-boot-starter-json/3.2.5/spring-boot-starter-json-3.2.5.jar:/Users/pranjal/.m2/repository/com/fasterxml/jackson/core/jackson-databind/2.15.4/jackson-databind-2.15.4.jar:/Users/pranjal/.m2/repository/com/fasterxml/jackson/core/jackson-annotations/2.15.4/jackson-annotations-2.15.4.jar:/Users/pranjal/.m2/repository/com/fasterxml/jackson/core/jackson-core/2.15.4/jackson-core-2.15.4.jar:/Users/pranjal/.m2/repository/com/fasterxml/jackson/datatype/jackson-datatype-jdk8/2.15.4/jackson-datatype-jdk8-2.15.4.jar:/Users/pranjal/.m2/repository/com/fasterxml/jackson/datatype/jackson-datatype-jsr310/2.15.4/jackson-datatype-jsr310-2.15.4.jar:/Users/pranjal/.m2/repository/com/fasterxml/jackson/module/jackson-module-parameter-names/2.15.4/jackson-module-parameter-names-2.15.4.jar:/Users/pranjal/.m2/repository/org/springframework/boot/spring-boot-starter-tomcat/3.2.5/spring-boot-starter-tomcat-3.2.5.jar:/Users/pranjal/.m2/repository/org/apache/tomcat/embed/tomcat-embed-core/10.1.20/tomcat-embed-core-10.1.20.jar:/Users/pranjal/.m2/repository/org/apache/tomcat/embed/tomcat-embed-el/10.1.20/tomcat-embed-el-10.1.20.jar:/Users/pranjal/.m2/repository/org/apache/tomcat/embed/tomcat-embed-websocket/10.1.20/tomcat-embed-websocket-10.1.20.jar:/Users/pranjal/.m2/repository/org/springframework/spring-web/6.1.6/spring-web-6.1.6.jar:/Users/pranjal/.m2/repository/org/springframework/spring-beans/6.1.6/spring-beans-6.1.6.jar:/Users/pranjal/.m2/repository/io/micrometer/micrometer-observation/1.12.5/micrometer-observation-1.12.5.jar:/Users/pranjal/.m2/repository/io/micrometer/micrometer-commons/1.12.5/micrometer-commons-1.12.5.jar:/Users/pranjal/.m2/repository/org/springframework/spring-webmvc/6.1.6/spring-webmvc-6.1.6.jar:/Users/pranjal/.m2/repository/org/springframework/spring-aop/6.1.6/spring-aop-6.1.6.jar:/Users/pranjal/.m2/repository/org/springframework/spring-context/6.1.6/spring-context-6.1.6.jar:/Users/pranjal/.m2/repository/org/springframework/spring-expression/6.1.6/spring-expression-6.1.6.jar:/Users/pranjal/.m2/repository/org/springframework/boot/spring-boot-starter-data-jpa/3.2.5/spring-boot-starter-data-jpa-3.2.5.jar:/Users/pranjal/.m2/repository/org/springframework/boot/spring-boot-starter-aop/3.2.5/spring-boot-starter-aop-3.2.5.jar:/Users/pranjal/.m2/repository/org/aspectj/aspectjweaver/1.9.22/aspectjweaver-1.9.22.jar:/Users/pranjal/.m2/repository/org/springframework/boot/spring-boot-starter-jdbc/3.2.5/spring-boot-starter-jdbc-3.2.5.jar:/Users/pranjal/.m2/repository/com/zaxxer/HikariCP/5.0.1/HikariCP-5.0.1.jar:/Users/pranjal/.m2/repository/org/springframework/spring-jdbc/6.1.6/spring-jdbc-6.1.6.jar:/Users/pranjal/.m2/repository/org/hibernate/orm/hibernate-core/6.4.4.Final/hibernate-core-6.4.4.Final.jar:/Users/pranjal/.m2/repository/jakarta/persistence/jakarta.persistence-api/3.1.0/jakarta.persistence-api-3.1.0.jar:/Users/pranjal/.m2/repository/jakarta/transaction/jakarta.transaction-api/2.0.1/jakarta.transaction-api-2.0.1.jar:/Users/pranjal/.m2/repository/org/jboss/logging/jboss-logging/3.5.3.Final/jboss-logging-3.5.3.Final.jar:/Users/pranjal/.m2/repository/org/hibernate/common/hibernate-commons-annotations/6.0.6.Final/hibernate-commons-annotations-6.0.6.Final.jar:/Users/pranjal/.m2/repository/io/smallrye/jandex/3.1.2/jandex-3.1.2.jar:/Users/pranjal/.m2/repository/com/fasterxml/classmate/1.6.0/classmate-1.6.0.jar:/Users/pranjal/.m2/repository/net/bytebuddy/byte-buddy/1.14.13/byte-buddy-1.14.13.jar:/Users/pranjal/.m2/repository/org/glassfish/jaxb/jaxb-runtime/4.0.5/jaxb-runtime-4.0.5.jar:/Users/pranjal/.m2/repository/org/glassfish/jaxb/jaxb-core/4.0.5/jaxb-core-4.0.5.jar:/Users/pranjal/.m2/repository/org/eclipse/angus/angus-activation/2.0.2/angus-activation-2.0.2.jar:/Users/pranjal/.m2/repository/org/glassfish/jaxb/txw2/4.0.5/txw2-4.0.5.jar:/Users/pranjal/.m2/repository/com/sun/istack/istack-commons-runtime/4.1.2/istack-commons-runtime-4.1.2.jar:/Users/pranjal/.m2/repository/jakarta/inject/jakarta.inject-api/2.0.1/jakarta.inject-api-2.0.1.jar:/Users/pranjal/.m2/repository/org/antlr/antlr4-runtime/4.13.0/antlr4-runtime-4.13.0.jar:/Users/pranjal/.m2/repository/org/springframework/data/spring-data-jpa/3.2.5/spring-data-jpa-3.2.5.jar:/Users/pranjal/.m2/repository/org/springframework/data/spring-data-commons/3.2.5/spring-data-commons-3.2.5.jar:/Users/pranjal/.m2/repository/org/springframework/spring-orm/6.1.6/spring-orm-6.1.6.jar:/Users/pranjal/.m2/repository/org/springframework/spring-tx/6.1.6/spring-tx-6.1.6.jar:/Users/pranjal/.m2/repository/org/slf4j/slf4j-api/2.0.13/slf4j-api-2.0.13.jar:/Users/pranjal/.m2/repository/org/springframework/spring-aspects/6.1.6/spring-aspects-6.1.6.jar:/Users/pranjal/.m2/repository/org/springframework/boot/spring-boot-starter-test/3.2.5/spring-boot-starter-test-3.2.5.jar:/Users/pranjal/.m2/repository/org/springframework/boot/spring-boot-test/3.2.5/spring-boot-test-3.2.5.jar:/Users/pranjal/.m2/repository/org/springframework/boot/spring-boot-test-autoconfigure/3.2.5/spring-boot-test-autoconfigure-3.2.5.jar:/Users/pranjal/.m2/repository/com/jayway/jsonpath/json-path/2.9.0/json-path-2.9.0.jar:/Users/pranjal/.m2/repository/jakarta/xml/bind/jakarta.xml.bind-api/4.0.2/jakarta.xml.bind-api-4.0.2.jar:/Users/pranjal/.m2/repository/jakarta/activation/jakarta.activation-api/2.1.3/jakarta.activation-api-2.1.3.jar:/Users/pranjal/.m2/repository/net/minidev/json-smart/2.5.1/json-smart-2.5.1.jar:/Users/pranjal/.m2/repository/net/minidev/accessors-smart/2.5.1/accessors-smart-2.5.1.jar:/Users/pranjal/.m2/repository/org/ow2/asm/asm/9.6/asm-9.6.jar:/Users/pranjal/.m2/repository/org/assertj/assertj-core/3.24.2/assertj-core-3.24.2.jar:/Users/pranjal/.m2/repository/org/awaitility/awaitility/4.2.1/awaitility-4.2.1.jar:/Users/pranjal/.m2/repository/org/hamcrest/hamcrest/2.2/hamcrest-2.2.jar:/Users/pranjal/.m2/repository/org/junit/jupiter/junit-jupiter/5.10.2/junit-jupiter-5.10.2.jar:/Users/pranjal/.m2/repository/org/junit/jupiter/junit-jupiter-api/5.10.2/junit-jupiter-api-5.10.2.jar:/Users/pranjal/.m2/repository/org/opentest4j/opentest4j/1.3.0/opentest4j-1.3.0.jar:/Users/pranjal/.m2/repository/org/junit/platform/junit-platform-commons/1.10.2/junit-platform-commons-1.10.2.jar:/Users/pranjal/.m2/repository/org/apiguardian/apiguardian-api/1.1.2/apiguardian-api-1.1.2.jar:/Users/pranjal/.m2/repository/org/junit/jupiter/junit-jupiter-params/5.10.2/junit-jupiter-params-5.10.2.jar:/Users/pranjal/.m2/repository/org/junit/jupiter/junit-jupiter-engine/5.10.2/junit-jupiter-engine-5.10.2.jar:/Users/pranjal/.m2/repository/org/junit/platform/junit-platform-engine/1.10.2/junit-platform-engine-1.10.2.jar:/Users/pranjal/.m2/repository/org/mockito/mockito-core/5.7.0/mockito-core-5.7.0.jar:/Users/pranjal/.m2/repository/net/bytebuddy/byte-buddy-agent/1.14.13/byte-buddy-agent-1.14.13.jar:/Users/pranjal/.m2/repository/org/objenesis/objenesis/3.3/objenesis-3.3.jar:/Users/pranjal/.m2/repository/org/mockito/mockito-junit-jupiter/5.7.0/mockito-junit-jupiter-5.7.0.jar:/Users/pranjal/.m2/repository/org/skyscreamer/jsonassert/1.5.1/jsonassert-1.5.1.jar:/Users/pranjal/.m2/repository/com/vaadin/external/google/android-json/0.0.20131108.vaadin1/android-json-0.0.20131108.vaadin1.jar:/Users/pranjal/.m2/repository/org/springframework/spring-core/6.1.6/spring-core-6.1.6.jar:/Users/pranjal/.m2/repository/org/springframework/spring-jcl/6.1.6/spring-jcl-6.1.6.jar:/Users/pranjal/.m2/repository/org/springframework/spring-test/6.1.6/spring-test-6.1.6.jar:/Users/pranjal/.m2/repository/org/xmlunit/xmlunit-core/2.9.1/xmlunit-core-2.9.1.jar:/Users/pranjal/.m2/repository/org/postgresql/postgresql/42.6.2/postgresql-42.6.2.jar:/Users/pranjal/.m2/repository/org/checkerframework/checker-qual/3.31.0/checker-qual-3.31.0.jar:/Users/pranjal/.m2/repository/com/googlecode/json-simple/json-simple/1.1.1/json-simple-1.1.1.jar:/Users/pranjal/.m2/repository/junit/junit/4.13.2/junit-4.13.2.jar:/Users/pranjal/.m2/repository/org/hamcrest/hamcrest-core/2.2/hamcrest-core-2.2.jar:/Users/pranjal/.m2/repository/com/h2database/h2/2.2.224/h2-2.2.224.jar:"/>
    <property name="java.vm.vendor" value="Oracle Corporation"/>
    <property name="sun.arch.data.model" value="64"/>
    <property name="java.vendor.url" value="https://java.oracle.com/"/>
    <property name="user.timezone" value="Asia/Kolkata"/>
    <property name="org.jboss.logging.provider" value="slf4j"/>
    <property name="os.name" value="Mac OS X"/>
    <property name="java.vm.specification.version" value="22"/>
    <property name="sun.java.launcher" value="SUN_STANDARD"/>
    <property name="user.country" value="IN"/>
    <property name="sun.boot.library.path" value="/Users/pranjal/Library/Java/JavaVirtualMachines/openjdk-22.0.1/Contents/Home/lib"/>
    <property name="sun.java.command" value="/Users/pranjal/Documents/Summer 2024/project-microserviceteamtwo/code/pro-manager/target/surefire/surefirebooter-20240618235517397_3.jar /Users/pranjal/Documents/Summer 2024/project-microserviceteamtwo/code/pro-manager/target/surefire 2024-06-18T23-55-17_278-jvmRun1 surefire-20240618235517397_1tmp surefire_0-20240618235517397_2tmp"/>
    <property name="http.nonProxyHosts" value="local|*.local|169.254/16|*.169.254/16"/>
    <property name="jdk.debug" value="release"/>
    <property name="surefire.test.class.path" value="/Users/pranjal/Documents/Summer 2024/project-microserviceteamtwo/code/pro-manager/target/test-classes:/Users/pranjal/Documents/Summer 2024/project-microserviceteamtwo/code/pro-manager/target/classes:/Users/pranjal/.m2/repository/org/springframework/boot/spring-boot-starter-web/3.2.5/spring-boot-starter-web-3.2.5.jar:/Users/pranjal/.m2/repository/org/springframework/boot/spring-boot-starter/3.2.5/spring-boot-starter-3.2.5.jar:/Users/pranjal/.m2/repository/org/springframework/boot/spring-boot/3.2.5/spring-boot-3.2.5.jar:/Users/pranjal/.m2/repository/org/springframework/boot/spring-boot-autoconfigure/3.2.5/spring-boot-autoconfigure-3.2.5.jar:/Users/pranjal/.m2/repository/org/springframework/boot/spring-boot-starter-logging/3.2.5/spring-boot-starter-logging-3.2.5.jar:/Users/pranjal/.m2/repository/ch/qos/logback/logback-classic/1.4.14/logback-classic-1.4.14.jar:/Users/pranjal/.m2/repository/ch/qos/logback/logback-core/1.4.14/logback-core-1.4.14.jar:/Users/pranjal/.m2/repository/org/apache/logging/log4j/log4j-to-slf4j/2.21.1/log4j-to-slf4j-2.21.1.jar:/Users/pranjal/.m2/repository/org/apache/logging/log4j/log4j-api/2.21.1/log4j-api-2.21.1.jar:/Users/pranjal/.m2/repository/org/slf4j/jul-to-slf4j/2.0.13/jul-to-slf4j-2.0.13.jar:/Users/pranjal/.m2/repository/jakarta/annotation/jakarta.annotation-api/2.1.1/jakarta.annotation-api-2.1.1.jar:/Users/pranjal/.m2/repository/org/yaml/snakeyaml/2.2/snakeyaml-2.2.jar:/Users/pranjal/.m2/repository/org/springframework/boot/spring-boot-starter-json/3.2.5/spring-boot-starter-json-3.2.5.jar:/Users/pranjal/.m2/repository/com/fasterxml/jackson/core/jackson-databind/2.15.4/jackson-databind-2.15.4.jar:/Users/pranjal/.m2/repository/com/fasterxml/jackson/core/jackson-annotations/2.15.4/jackson-annotations-2.15.4.jar:/Users/pranjal/.m2/repository/com/fasterxml/jackson/core/jackson-core/2.15.4/jackson-core-2.15.4.jar:/Users/pranjal/.m2/repository/com/fasterxml/jackson/datatype/jackson-datatype-jdk8/2.15.4/jackson-datatype-jdk8-2.15.4.jar:/Users/pranjal/.m2/repository/com/fasterxml/jackson/datatype/jackson-datatype-jsr310/2.15.4/jackson-datatype-jsr310-2.15.4.jar:/Users/pranjal/.m2/repository/com/fasterxml/jackson/module/jackson-module-parameter-names/2.15.4/jackson-module-parameter-names-2.15.4.jar:/Users/pranjal/.m2/repository/org/springframework/boot/spring-boot-starter-tomcat/3.2.5/spring-boot-starter-tomcat-3.2.5.jar:/Users/pranjal/.m2/repository/org/apache/tomcat/embed/tomcat-embed-core/10.1.20/tomcat-embed-core-10.1.20.jar:/Users/pranjal/.m2/repository/org/apache/tomcat/embed/tomcat-embed-el/10.1.20/tomcat-embed-el-10.1.20.jar:/Users/pranjal/.m2/repository/org/apache/tomcat/embed/tomcat-embed-websocket/10.1.20/tomcat-embed-websocket-10.1.20.jar:/Users/pranjal/.m2/repository/org/springframework/spring-web/6.1.6/spring-web-6.1.6.jar:/Users/pranjal/.m2/repository/org/springframework/spring-beans/6.1.6/spring-beans-6.1.6.jar:/Users/pranjal/.m2/repository/io/micrometer/micrometer-observation/1.12.5/micrometer-observation-1.12.5.jar:/Users/pranjal/.m2/repository/io/micrometer/micrometer-commons/1.12.5/micrometer-commons-1.12.5.jar:/Users/pranjal/.m2/repository/org/springframework/spring-webmvc/6.1.6/spring-webmvc-6.1.6.jar:/Users/pranjal/.m2/repository/org/springframework/spring-aop/6.1.6/spring-aop-6.1.6.jar:/Users/pranjal/.m2/repository/org/springframework/spring-context/6.1.6/spring-context-6.1.6.jar:/Users/pranjal/.m2/repository/org/springframework/spring-expression/6.1.6/spring-expression-6.1.6.jar:/Users/pranjal/.m2/repository/org/springframework/boot/spring-boot-starter-data-jpa/3.2.5/spring-boot-starter-data-jpa-3.2.5.jar:/Users/pranjal/.m2/repository/org/springframework/boot/spring-boot-starter-aop/3.2.5/spring-boot-starter-aop-3.2.5.jar:/Users/pranjal/.m2/repository/org/aspectj/aspectjweaver/1.9.22/aspectjweaver-1.9.22.jar:/Users/pranjal/.m2/repository/org/springframework/boot/spring-boot-starter-jdbc/3.2.5/spring-boot-starter-jdbc-3.2.5.jar:/Users/pranjal/.m2/repository/com/zaxxer/HikariCP/5.0.1/HikariCP-5.0.1.jar:/Users/pranjal/.m2/repository/org/springframework/spring-jdbc/6.1.6/spring-jdbc-6.1.6.jar:/Users/pranjal/.m2/repository/org/hibernate/orm/hibernate-core/6.4.4.Final/hibernate-core-6.4.4.Final.jar:/Users/pranjal/.m2/repository/jakarta/persistence/jakarta.persistence-api/3.1.0/jakarta.persistence-api-3.1.0.jar:/Users/pranjal/.m2/repository/jakarta/transaction/jakarta.transaction-api/2.0.1/jakarta.transaction-api-2.0.1.jar:/Users/pranjal/.m2/repository/org/jboss/logging/jboss-logging/3.5.3.Final/jboss-logging-3.5.3.Final.jar:/Users/pranjal/.m2/repository/org/hibernate/common/hibernate-commons-annotations/6.0.6.Final/hibernate-commons-annotations-6.0.6.Final.jar:/Users/pranjal/.m2/repository/io/smallrye/jandex/3.1.2/jandex-3.1.2.jar:/Users/pranjal/.m2/repository/com/fasterxml/classmate/1.6.0/classmate-1.6.0.jar:/Users/pranjal/.m2/repository/net/bytebuddy/byte-buddy/1.14.13/byte-buddy-1.14.13.jar:/Users/pranjal/.m2/repository/org/glassfish/jaxb/jaxb-runtime/4.0.5/jaxb-runtime-4.0.5.jar:/Users/pranjal/.m2/repository/org/glassfish/jaxb/jaxb-core/4.0.5/jaxb-core-4.0.5.jar:/Users/pranjal/.m2/repository/org/eclipse/angus/angus-activation/2.0.2/angus-activation-2.0.2.jar:/Users/pranjal/.m2/repository/org/glassfish/jaxb/txw2/4.0.5/txw2-4.0.5.jar:/Users/pranjal/.m2/repository/com/sun/istack/istack-commons-runtime/4.1.2/istack-commons-runtime-4.1.2.jar:/Users/pranjal/.m2/repository/jakarta/inject/jakarta.inject-api/2.0.1/jakarta.inject-api-2.0.1.jar:/Users/pranjal/.m2/repository/org/antlr/antlr4-runtime/4.13.0/antlr4-runtime-4.13.0.jar:/Users/pranjal/.m2/repository/org/springframework/data/spring-data-jpa/3.2.5/spring-data-jpa-3.2.5.jar:/Users/pranjal/.m2/repository/org/springframework/data/spring-data-commons/3.2.5/spring-data-commons-3.2.5.jar:/Users/pranjal/.m2/repository/org/springframework/spring-orm/6.1.6/spring-orm-6.1.6.jar:/Users/pranjal/.m2/repository/org/springframework/spring-tx/6.1.6/spring-tx-6.1.6.jar:/Users/pranjal/.m2/repository/org/slf4j/slf4j-api/2.0.13/slf4j-api-2.0.13.jar:/Users/pranjal/.m2/repository/org/springframework/spring-aspects/6.1.6/spring-aspects-6.1.6.jar:/Users/pranjal/.m2/repository/org/springframework/boot/spring-boot-starter-test/3.2.5/spring-boot-starter-test-3.2.5.jar:/Users/pranjal/.m2/repository/org/springframework/boot/spring-boot-test/3.2.5/spring-boot-test-3.2.5.jar:/Users/pranjal/.m2/repository/org/springframework/boot/spring-boot-test-autoconfigure/3.2.5/spring-boot-test-autoconfigure-3.2.5.jar:/Users/pranjal/.m2/repository/com/jayway/jsonpath/json-path/2.9.0/json-path-2.9.0.jar:/Users/pranjal/.m2/repository/jakarta/xml/bind/jakarta.xml.bind-api/4.0.2/jakarta.xml.bind-api-4.0.2.jar:/Users/pranjal/.m2/repository/jakarta/activation/jakarta.activation-api/2.1.3/jakarta.activation-api-2.1.3.jar:/Users/pranjal/.m2/repository/net/minidev/json-smart/2.5.1/json-smart-2.5.1.jar:/Users/pranjal/.m2/repository/net/minidev/accessors-smart/2.5.1/accessors-smart-2.5.1.jar:/Users/pranjal/.m2/repository/org/ow2/asm/asm/9.6/asm-9.6.jar:/Users/pranjal/.m2/repository/org/assertj/assertj-core/3.24.2/assertj-core-3.24.2.jar:/Users/pranjal/.m2/repository/org/awaitility/awaitility/4.2.1/awaitility-4.2.1.jar:/Users/pranjal/.m2/repository/org/hamcrest/hamcrest/2.2/hamcrest-2.2.jar:/Users/pranjal/.m2/repository/org/junit/jupiter/junit-jupiter/5.10.2/junit-jupiter-5.10.2.jar:/Users/pranjal/.m2/repository/org/junit/jupiter/junit-jupiter-api/5.10.2/junit-jupiter-api-5.10.2.jar:/Users/pranjal/.m2/repository/org/opentest4j/opentest4j/1.3.0/opentest4j-1.3.0.jar:/Users/pranjal/.m2/repository/org/junit/platform/junit-platform-commons/1.10.2/junit-platform-commons-1.10.2.jar:/Users/pranjal/.m2/repository/org/apiguardian/apiguardian-api/1.1.2/apiguardian-api-1.1.2.jar:/Users/pranjal/.m2/repository/org/junit/jupiter/junit-jupiter-params/5.10.2/junit-jupiter-params-5.10.2.jar:/Users/pranjal/.m2/repository/org/junit/jupiter/junit-jupiter-engine/5.10.2/junit-jupiter-engine-5.10.2.jar:/Users/pranjal/.m2/repository/org/junit/platform/junit-platform-engine/1.10.2/junit-platform-engine-1.10.2.jar:/Users/pranjal/.m2/repository/org/mockito/mockito-core/5.7.0/mockito-core-5.7.0.jar:/Users/pranjal/.m2/repository/net/bytebuddy/byte-buddy-agent/1.14.13/byte-buddy-agent-1.14.13.jar:/Users/pranjal/.m2/repository/org/objenesis/objenesis/3.3/objenesis-3.3.jar:/Users/pranjal/.m2/repository/org/mockito/mockito-junit-jupiter/5.7.0/mockito-junit-jupiter-5.7.0.jar:/Users/pranjal/.m2/repository/org/skyscreamer/jsonassert/1.5.1/jsonassert-1.5.1.jar:/Users/pranjal/.m2/repository/com/vaadin/external/google/android-json/0.0.20131108.vaadin1/android-json-0.0.20131108.vaadin1.jar:/Users/pranjal/.m2/repository/org/springframework/spring-core/6.1.6/spring-core-6.1.6.jar:/Users/pranjal/.m2/repository/org/springframework/spring-jcl/6.1.6/spring-jcl-6.1.6.jar:/Users/pranjal/.m2/repository/org/springframework/spring-test/6.1.6/spring-test-6.1.6.jar:/Users/pranjal/.m2/repository/org/xmlunit/xmlunit-core/2.9.1/xmlunit-core-2.9.1.jar:/Users/pranjal/.m2/repository/org/postgresql/postgresql/42.6.2/postgresql-42.6.2.jar:/Users/pranjal/.m2/repository/org/checkerframework/checker-qual/3.31.0/checker-qual-3.31.0.jar:/Users/pranjal/.m2/repository/com/googlecode/json-simple/json-simple/1.1.1/json-simple-1.1.1.jar:/Users/pranjal/.m2/repository/junit/junit/4.13.2/junit-4.13.2.jar:/Users/pranjal/.m2/repository/org/hamcrest/hamcrest-core/2.2/hamcrest-core-2.2.jar:/Users/pranjal/.m2/repository/com/h2database/h2/2.2.224/h2-2.2.224.jar:"/>
    <property name="sun.cpu.endian" value="little"/>
    <property name="user.home" value="/Users/pranjal"/>
    <property name="user.language" value="en"/>
    <property name="java.specification.vendor" value="Oracle Corporation"/>
    <property name="java.version.date" value="2024-04-16"/>
    <property name="java.home" value="/Users/pranjal/Library/Java/JavaVirtualMachines/openjdk-22.0.1/Contents/Home"/>
    <property name="file.separator" value="/"/>
    <property name="basedir" value="/Users/pranjal/Documents/Summer 2024/project-microserviceteamtwo/code/pro-manager"/>
    <property name="style.color" value="always"/>
    <property name="java.vm.compressedOopsMode" value="Zero based"/>
    <property name="line.separator" value="&#10;"/>
    <property name="java.vm.specification.vendor" value="Oracle Corporation"/>
    <property name="java.specification.name" value="Java Platform API Specification"/>
    <property name="FILE_LOG_CHARSET" value="UTF-8"/>
    <property name="java.awt.headless" value="true"/>
    <property name="apple.awt.application.name" value="ForkedBooter"/>
    <property name="surefire.real.class.path" value="/Users/pranjal/Documents/Summer 2024/project-microserviceteamtwo/code/pro-manager/target/surefire/surefirebooter-20240618235517397_3.jar"/>
    <property name="sun.management.compiler" value="HotSpot 64-Bit Tiered Compilers"/>
    <property name="ftp.nonProxyHosts" value="local|*.local|169.254/16|*.169.254/16"/>
    <property name="java.runtime.version" value="22.0.1+8-16"/>
    <property name="user.name" value="pranjal"/>
    <property name="stdout.encoding" value="UTF-8"/>
    <property name="path.separator" value=":"/>
    <property name="os.version" value="14.4.1"/>
    <property name="java.runtime.name" value="OpenJDK Runtime Environment"/>
    <property name="file.encoding" value="UTF-8"/>
    <property name="java.vm.name" value="OpenJDK 64-Bit Server VM"/>
    <property name="localRepository" value="/Users/pranjal/.m2/repository"/>
    <property name="java.vendor.url.bug" value="https://bugreport.java.com/bugreport/"/>
    <property name="java.io.tmpdir" value="/var/folders/r0/75rvz7792qg8r39qryvm8b1m0000gn/T/"/>
    <property name="com.zaxxer.hikari.pool_number" value="1"/>
    <property name="java.version" value="22.0.1"/>
    <property name="user.dir" value="/Users/pranjal/Documents/Summer 2024/project-microserviceteamtwo/code/pro-manager"/>
    <property name="os.arch" value="x86_64"/>
    <property name="java.vm.specification.name" value="Java Virtual Machine Specification"/>
    <property name="PID" value="20948"/>
    <property name="CONSOLE_LOG_CHARSET" value="UTF-8"/>
    <property name="native.encoding" value="UTF-8"/>
    <property name="java.library.path" value="/Users/pranjal/Library/Java/Extensions:/Library/Java/Extensions:/Network/Library/Java/Extensions:/System/Library/Java/Extensions:/usr/lib/java:."/>
    <property name="java.vm.info" value="mixed mode, sharing"/>
    <property name="stderr.encoding" value="UTF-8"/>
    <property name="java.vendor" value="Oracle Corporation"/>
    <property name="java.vm.version" value="22.0.1+8-16"/>
    <property name="sun.io.unicode.encoding" value="UnicodeBig"/>
    <property name="socksNonProxyHosts" value="local|*.local|169.254/16|*.169.254/16"/>
    <property name="java.class.version" value="66.0"/>
    <property name="LOGGED_APPLICATION_NAME" value="[pro-manager] "/>
  </properties>
  <testcase name="testRetrieveProject" classname="com.cs673olsum24.promanager.controller.TaskControllerTests" time="2.107">
    <system-out><![CDATA[
  .   ____          _            __ _ _
 /\\ / ___'_ __ _ _(_)_ __  __ _ \ \ \ \
( ( )\___ | '_ | '_| | '_ \/ _` | \ \ \ \
 \\/  ___)| |_)| | | | | || (_| |  ) ) ) )
  '  |____| .__|_| |_|_| |_\__, | / / / /
 =========|_|==============|___/=/_/_/_/
&amp#27;[32m :: Spring Boot :: &amp#27;[39m              &amp#27;[2m (v3.2.5)&amp#27;[0;39m

&amp#27;[2m2024-06-18T23:55:20.365+05:30&amp#27;[0;39m &amp#27;[32m INFO&amp#27;[0;39m &amp#27;[35m20948&amp#27;[0;39m &amp#27;[2m---&amp#27;[0;39m &amp#27;[2m[pro-manager] [           main]&amp#27;[0;39m &amp#27;[2m&amp#27;[0;39m&amp#27;[36mc.c.p.controller.TaskControllerTests    &amp#27;[0;39m &amp#27;[2m:&amp#27;[0;39m Starting TaskControllerTests using Java 22.0.1 with PID 20948 (started by pranjal in /Users/pranjal/Documents/Summer 2024/project-microserviceteamtwo/code/pro-manager)
&amp#27;[2m2024-06-18T23:55:20.370+05:30&amp#27;[0;39m &amp#27;[32m INFO&amp#27;[0;39m &amp#27;[35m20948&amp#27;[0;39m &amp#27;[2m---&amp#27;[0;39m &amp#27;[2m[pro-manager] [           main]&amp#27;[0;39m &amp#27;[2m&amp#27;[0;39m&amp#27;[36mc.c.p.controller.TaskControllerTests    &amp#27;[0;39m &amp#27;[2m:&amp#27;[0;39m The following 1 profile is active: "test"
&amp#27;[2m2024-06-18T23:55:21.690+05:30&amp#27;[0;39m &amp#27;[32m INFO&amp#27;[0;39m &amp#27;[35m20948&amp#27;[0;39m &amp#27;[2m---&amp#27;[0;39m &amp#27;[2m[pro-manager] [           main]&amp#27;[0;39m &amp#27;[2m&amp#27;[0;39m&amp#27;[36m.s.d.r.c.RepositoryConfigurationDelegate&amp#27;[0;39m &amp#27;[2m:&amp#27;[0;39m Bootstrapping Spring Data JPA repositories in DEFAULT mode.
&amp#27;[2m2024-06-18T23:55:21.750+05:30&amp#27;[0;39m &amp#27;[32m INFO&amp#27;[0;39m &amp#27;[35m20948&amp#27;[0;39m &amp#27;[2m---&amp#27;[0;39m &amp#27;[2m[pro-manager] [           main]&amp#27;[0;39m &amp#27;[2m&amp#27;[0;39m&amp#27;[36m.s.d.r.c.RepositoryConfigurationDelegate&amp#27;[0;39m &amp#27;[2m:&amp#27;[0;39m Finished Spring Data repository scanning in 37 ms. Found 0 JPA repository interfaces.
&amp#27;[2m2024-06-18T23:55:22.476+05:30&amp#27;[0;39m &amp#27;[32m INFO&amp#27;[0;39m &amp#27;[35m20948&amp#27;[0;39m &amp#27;[2m---&amp#27;[0;39m &amp#27;[2m[pro-manager] [           main]&amp#27;[0;39m &amp#27;[2m&amp#27;[0;39m&amp#27;[36mcom.zaxxer.hikari.HikariDataSource      &amp#27;[0;39m &amp#27;[2m:&amp#27;[0;39m HikariPool-1 - Starting...
&amp#27;[2m2024-06-18T23:55:23.152+05:30&amp#27;[0;39m &amp#27;[32m INFO&amp#27;[0;39m &amp#27;[35m20948&amp#27;[0;39m &amp#27;[2m---&amp#27;[0;39m &amp#27;[2m[pro-manager] [           main]&amp#27;[0;39m &amp#27;[2m&amp#27;[0;39m&amp#27;[36mcom.zaxxer.hikari.pool.HikariPool       &amp#27;[0;39m &amp#27;[2m:&amp#27;[0;39m HikariPool-1 - Added connection conn0: url=jdbc:h2:mem:testdb user=SA
&amp#27;[2m2024-06-18T23:55:23.156+05:30&amp#27;[0;39m &amp#27;[32m INFO&amp#27;[0;39m &amp#27;[35m20948&amp#27;[0;39m &amp#27;[2m---&amp#27;[0;39m &amp#27;[2m[pro-manager] [           main]&amp#27;[0;39m &amp#27;[2m&amp#27;[0;39m&amp#27;[36mcom.zaxxer.hikari.HikariDataSource      &amp#27;[0;39m &amp#27;[2m:&amp#27;[0;39m HikariPool-1 - Start completed.
&amp#27;[2m2024-06-18T23:55:23.470+05:30&amp#27;[0;39m &amp#27;[32m INFO&amp#27;[0;39m &amp#27;[35m20948&amp#27;[0;39m &amp#27;[2m---&amp#27;[0;39m &amp#27;[2m[pro-manager] [           main]&amp#27;[0;39m &amp#27;[2m&amp#27;[0;39m&amp#27;[36mo.hibernate.jpa.internal.util.LogHelper &amp#27;[0;39m &amp#27;[2m:&amp#27;[0;39m HHH000204: Processing PersistenceUnitInfo [name: default]
&amp#27;[2m2024-06-18T23:55:23.628+05:30&amp#27;[0;39m &amp#27;[32m INFO&amp#27;[0;39m &amp#27;[35m20948&amp#27;[0;39m &amp#27;[2m---&amp#27;[0;39m &amp#27;[2m[pro-manager] [           main]&amp#27;[0;39m &amp#27;[2m&amp#27;[0;39m&amp#27;[36morg.hibernate.Version                   &amp#27;[0;39m &amp#27;[2m:&amp#27;[0;39m HHH000412: Hibernate ORM core version 6.4.4.Final
&amp#27;[2m2024-06-18T23:55:23.743+05:30&amp#27;[0;39m &amp#27;[32m INFO&amp#27;[0;39m &amp#27;[35m20948&amp#27;[0;39m &amp#27;[2m---&amp#27;[0;39m &amp#27;[2m[pro-manager] [           main]&amp#27;[0;39m &amp#27;[2m&amp#27;[0;39m&amp#27;[36mo.h.c.internal.RegionFactoryInitiator   &amp#27;[0;39m &amp#27;[2m:&amp#27;[0;39m HHH000026: Second-level cache disabled
&amp#27;[2m2024-06-18T23:55:24.347+05:30&amp#27;[0;39m &amp#27;[32m INFO&amp#27;[0;39m &amp#27;[35m20948&amp#27;[0;39m &amp#27;[2m---&amp#27;[0;39m &amp#27;[2m[pro-manager] [           main]&amp#27;[0;39m &amp#27;[2m&amp#27;[0;39m&amp#27;[36mo.s.o.j.p.SpringPersistenceUnitInfo     &amp#27;[0;39m &amp#27;[2m:&amp#27;[0;39m No LoadTimeWeaver setup: ignoring JPA class transformer
&amp#27;[2m2024-06-18T23:55:24.427+05:30&amp#27;[0;39m &amp#27;[33m WARN&amp#27;[0;39m &amp#27;[35m20948&amp#27;[0;39m &amp#27;[2m---&amp#27;[0;39m &amp#27;[2m[pro-manager] [           main]&amp#27;[0;39m &amp#27;[2m&amp#27;[0;39m&amp#27;[36morg.hibernate.orm.deprecation           &amp#27;[0;39m &amp#27;[2m:&amp#27;[0;39m HHH90000025: PostgreSQLDialect does not need to be specified explicitly using 'hibernate.dialect' (remove the property setting and it will be selected by default)
&amp#27;[2m2024-06-18T23:55:26.486+05:30&amp#27;[0;39m &amp#27;[32m INFO&amp#27;[0;39m &amp#27;[35m20948&amp#27;[0;39m &amp#27;[2m---&amp#27;[0;39m &amp#27;[2m[pro-manager] [           main]&amp#27;[0;39m &amp#27;[2m&amp#27;[0;39m&amp#27;[36mo.h.e.t.j.p.i.JtaPlatformInitiator      &amp#27;[0;39m &amp#27;[2m:&amp#27;[0;39m HHH000489: No JTA platform available (set 'hibernate.transaction.jta.platform' to enable JTA platform integration)
Hibernate: drop table if exists app_user cascade
Hibernate: drop table if exists comments cascade
Hibernate: drop table if exists project_ci cascade
Hibernate: drop table if exists project_user cascade
Hibernate: drop table if exists tasks cascade
Hibernate: drop sequence if exists app_user_seq
Hibernate: drop sequence if exists project_ci_seq
Hibernate: drop sequence if exists project_user_seq
Hibernate: drop sequence if exists tasks_seq
Hibernate: create sequence app_user_seq start with 1 increment by 50
Hibernate: create sequence project_ci_seq start with 1 increment by 50
Hibernate: create sequence project_user_seq start with 1 increment by 50
Hibernate: create sequence tasks_seq start with 1 increment by 50
Hibernate: create table app_user (user_id integer not null, email varchar(255), name varchar(255), password varchar(255), primary key (user_id))
Hibernate: create table comments (id serial not null, project_id integer, user_id integer, created_on timestamp(6), comments TEXT, primary key (id))
Hibernate: create table project_ci (active boolean, owner_id integer, created_on bigint, updated_on bigint, description varchar(255), project_id varchar(255) not null, projectname varchar(255), status varchar(255), type varchar(255), primary key (project_id))
Hibernate: create table project_user (project_user_id integer not null, user_id integer, created_at bigint, updated_at bigint, project_id varchar(255), role varchar(255), primary key (project_user_id))
Hibernate: create table tasks (assigned_user_id integer, created_on bigint, due_date bigint, updated_on bigint, description varchar(255), priority varchar(255), project_id varchar(255), status varchar(255), task_id varchar(255) not null, task_name varchar(255), primary key (task_id))
&amp#27;[2m2024-06-18T23:55:26.566+05:30&amp#27;[0;39m &amp#27;[32m INFO&amp#27;[0;39m &amp#27;[35m20948&amp#27;[0;39m &amp#27;[2m---&amp#27;[0;39m &amp#27;[2m[pro-manager] [           main]&amp#27;[0;39m &amp#27;[2m&amp#27;[0;39m&amp#27;[36mj.LocalContainerEntityManagerFactoryBean&amp#27;[0;39m &amp#27;[2m:&amp#27;[0;39m Initialized JPA EntityManagerFactory for persistence unit 'default'
&amp#27;[2m2024-06-18T23:55:27.081+05:30&amp#27;[0;39m &amp#27;[33m WARN&amp#27;[0;39m &amp#27;[35m20948&amp#27;[0;39m &amp#27;[2m---&amp#27;[0;39m &amp#27;[2m[pro-manager] [           main]&amp#27;[0;39m &amp#27;[2m&amp#27;[0;39m&amp#27;[36mJpaBaseConfiguration$JpaWebConfiguration&amp#27;[0;39m &amp#27;[2m:&amp#27;[0;39m spring.jpa.open-in-view is enabled by default. Therefore, database queries may be performed during view rendering. Explicitly configure spring.jpa.open-in-view to disable this warning
&amp#27;[2m2024-06-18T23:55:27.755+05:30&amp#27;[0;39m &amp#27;[32m INFO&amp#27;[0;39m &amp#27;[35m20948&amp#27;[0;39m &amp#27;[2m---&amp#27;[0;39m &amp#27;[2m[pro-manager] [           main]&amp#27;[0;39m &amp#27;[2m&amp#27;[0;39m&amp#27;[36mc.c.p.controller.TaskControllerTests    &amp#27;[0;39m &amp#27;[2m:&amp#27;[0;39m Started TaskControllerTests in 8.064 seconds (process running for 10.246)
here update
owner update
proj_002
owner update complete
Hibernate: select p1_0.project_id,p1_0.projectname,pt1_0.task_id,pt1_0.task_name,pt1_0.description,pt1_0.status,pt1_0.priority,pt1_0.due_date,au1_0.name from project_ci p1_0 join tasks pt1_0 on p1_0.project_id=pt1_0.project_id left join app_user au1_0 on pt1_0.assigned_user_id=au1_0.user_id where p1_0.project_id='proj_002'
Hibernate: select p1_0.project_id,p1_0.projectname,pt1_0.task_id,pt1_0.task_name,pt1_0.description,pt1_0.status,pt1_0.priority,pt1_0.due_date,au1_0.name from project_ci p1_0 join tasks pt1_0 on p1_0.project_id=pt1_0.project_id left join app_user au1_0 on pt1_0.assigned_user_id=au1_0.user_id where p1_0.project_id='proj_002'
]]></system-out>
    <system-err><![CDATA[WARNING: A Java agent has been loaded dynamically (/Users/pranjal/.m2/repository/net/bytebuddy/byte-buddy-agent/1.14.13/byte-buddy-agent-1.14.13.jar)
WARNING: If a serviceability tool is in use, please run with -XX:+EnableDynamicAgentLoading to hide this warning
WARNING: If a serviceability tool is not in use, please run with -Djdk.instrument.traceUsage for more information
WARNING: Dynamic loading of agents will be disallowed by default in a future release
]]></system-err>
  </testcase>
  <testcase name="testGetAllProjectTasks" classname="com.cs673olsum24.promanager.controller.TaskControllerTests" time="0.026">
    <system-out><![CDATA[here update
owner update
proj_002
owner update complete
Hibernate: select p1_0.project_id,p1_0.projectname,pt1_0.task_id,pt1_0.task_name,pt1_0.description,pt1_0.status,pt1_0.priority,pt1_0.due_date,au1_0.name from project_ci p1_0 join tasks pt1_0 on p1_0.project_id=pt1_0.project_id left join app_user au1_0 on pt1_0.assigned_user_id=au1_0.user_id where p1_0.project_id='proj_002'
Hibernate: select p1_0.project_id,p1_0.projectname,pt1_0.task_id,pt1_0.task_name,pt1_0.description,pt1_0.status,pt1_0.priority,pt1_0.due_date,au1_0.name from project_ci p1_0 join tasks pt1_0 on p1_0.project_id=pt1_0.project_id left join app_user au1_0 on pt1_0.assigned_user_id=au1_0.user_id where p1_0.project_id='proj_002'
]]></system-out>
  </testcase>
  <testcase name="testRetrieveNonExistentProject" classname="com.cs673olsum24.promanager.controller.TaskControllerTests" time="0.03">
    <system-out><![CDATA[here update
owner update
proj_002
owner update complete
Hibernate: select p1_0.project_id,p1_0.projectname,pt1_0.task_id,pt1_0.task_name,pt1_0.description,pt1_0.status,pt1_0.priority,pt1_0.due_date,au1_0.name from project_ci p1_0 join tasks pt1_0 on p1_0.project_id=pt1_0.project_id left join app_user au1_0 on pt1_0.assigned_user_id=au1_0.user_id where p1_0.project_id='nonexistent'
Hibernate: select p1_0.project_id,p1_0.projectname,pt1_0.task_id,pt1_0.task_name,pt1_0.description,pt1_0.status,pt1_0.priority,pt1_0.due_date,au1_0.name from project_ci p1_0 join tasks pt1_0 on p1_0.project_id=pt1_0.project_id left join app_user au1_0 on pt1_0.assigned_user_id=au1_0.user_id where p1_0.project_id='proj_002'
]]></system-out>
  </testcase>
  <testcase name="testDeleteProject" classname="com.cs673olsum24.promanager.controller.TaskControllerTests" time="0.037">
    <system-out><![CDATA[here update
owner update
proj_002
owner update complete
Hibernate: select p1_0.project_id,p1_0.projectname,pt1_0.task_id,pt1_0.task_name,pt1_0.description,pt1_0.status,pt1_0.priority,pt1_0.due_date,au1_0.name from project_ci p1_0 join tasks pt1_0 on p1_0.project_id=pt1_0.project_id left join app_user au1_0 on pt1_0.assigned_user_id=au1_0.user_id where p1_0.project_id='proj_002'
Hibernate: select p1_0.project_id,p1_0.projectname,pt1_0.task_id,pt1_0.task_name,pt1_0.description,pt1_0.status,pt1_0.priority,pt1_0.due_date,au1_0.name from project_ci p1_0 join tasks pt1_0 on p1_0.project_id=pt1_0.project_id left join app_user au1_0 on pt1_0.assigned_user_id=au1_0.user_id where p1_0.project_id='proj_002'
]]></system-out>
  </testcase>
  <testcase name="testAddTasks" classname="com.cs673olsum24.promanager.controller.TaskControllerTests" time="0.046">
    <system-out><![CDATA[here update
owner update
proj_002
owner update complete
Hibernate: select p1_0.project_id,p1_0.projectname,au1_0.name,p1_0.active,p1_0.description,p1_0.created_on,p1_0.updated_on,p1_0.status,p1_0.type from project_ci p1_0 left join app_user au1_0 on p1_0.owner_id=au1_0.user_id where p1_0.project_id='proj_002'
Hibernate: select p1_0.project_id,p1_0.projectname,pt1_0.task_id,pt1_0.task_name,pt1_0.description,pt1_0.status,pt1_0.priority,pt1_0.due_date,au1_0.name from project_ci p1_0 join tasks pt1_0 on p1_0.project_id=pt1_0.project_id left join app_user au1_0 on pt1_0.assigned_user_id=au1_0.user_id where p1_0.project_id='proj_002'
Hibernate: select p1_0.project_id,p1_0.projectname,pt1_0.task_id,pt1_0.task_name,pt1_0.description,pt1_0.status,pt1_0.priority,pt1_0.due_date,au1_0.name from project_ci p1_0 join tasks pt1_0 on p1_0.project_id=pt1_0.project_id left join app_user au1_0 on pt1_0.assigned_user_id=au1_0.user_id where p1_0.project_id='proj_002'
]]></system-out>
  </testcase>
</testsuite>